This is pdfTeX, Version 3.141592653-2.6-1.40.25 (TeX Live 2023/Debian) (preloaded format=pdflatex 2025.8.20)  6 SEP 2025 01:52
entering extended mode
 restricted \write18 enabled.
 %&-line parsing enabled.
**ModMax.tex
(./ModMax.tex
LaTeX2e <2023-11-01> patch level 1
L3 programming layer <2024-01-22>

! LaTeX Error: File `revtex4-2.cls' not found.

Type X to quit or <RETURN> to proceed,
or enter new name. (Default extension: cls)

Enter file name: 
(/usr/share/texlive/texmf-dist/tex/latex/graphics/graphicx.sty
Package: graphicx 2021/09/16 v1.2d Enhanced LaTeX Graphics (DPC,SPQR)

(/usr/share/texlive/texmf-dist/tex/latex/graphics/keyval.sty
Package: keyval 2022/05/29 v1.15 key=value parser (DPC)
\KV@toks@=\toks17
)
(/usr/share/texlive/texmf-dist/tex/latex/graphics/graphics.sty
Package: graphics 2022/03/10 v1.4e Standard LaTeX Graphics (DPC,SPQR)

(/usr/share/texlive/texmf-dist/tex/latex/graphics/trig.sty
Package: trig 2021/08/11 v1.11 sin cos tan (DPC)
)
(/usr/share/texlive/texmf-dist/tex/latex/graphics-cfg/graphics.cfg
File: graphics.cfg 2016/06/04 v1.11 sample graphics configuration
)
Package graphics Info: Driver file: dvips.def on input line 107.

(/usr/share/texlive/texmf-dist/tex/latex/graphics-def/dvips.def
File: dvips.def 2022/09/22 v3.1e Graphics/color driver for dvips
))
\Gin@req@height=\dimen140
\Gin@req@width=\dimen141
)
(/usr/share/texlive/texmf-dist/tex/latex/graphics/color.sty
Package: color 2022/01/06 v1.3d Standard LaTeX Color (DPC)

(/usr/share/texlive/texmf-dist/tex/latex/graphics-cfg/color.cfg
File: color.cfg 2016/01/02 v1.6 sample color configuration
)
Package color Info: Driver file: dvips.def on input line 149.

(/usr/share/texlive/texmf-dist/tex/latex/graphics/dvipsnam.def
File: dvipsnam.def 2016/06/17 v3.0m Driver-dependent file (DPC,SPQR)
)
(/usr/share/texlive/texmf-dist/tex/latex/graphics/mathcolor.ltx))
(/usr/share/texlive/texmf-dist/tex/latex/subfig/subfig.sty
Package: subfig 2005/06/28 ver: 1.3 subfig package

(/usr/share/texlive/texmf-dist/tex/latex/caption/caption.sty
Package: caption 2023/08/05 v3.6o Customizing captions (AR)

(/usr/share/texlive/texmf-dist/tex/latex/caption/caption3.sty
Package: caption3 2023/07/31 v2.4d caption3 kernel (AR)
\caption@tempdima=\dimen142
\captionmargin=\dimen143
\caption@leftmargin=\dimen144
\caption@rightmargin=\dimen145
\caption@width=\dimen146
\caption@indent=\dimen147
\caption@parindent=\dimen148
\caption@hangindent=\dimen149
\abovecaptionskip=\skip48
\belowcaptionskip=\skip49
Package caption Info: Document class w/o caption stuff detected.
)
\c@caption@flags=\count187
\c@continuedfloat=\count188
)
\c@KVtest=\count189
\sf@farskip=\skip50
\sf@captopadj=\dimen150
\sf@capskip=\skip51
\sf@nearskip=\skip52
\c@subfigure=\count190


! LaTeX Error: No counter 'figure' defined.

See the LaTeX manual or LaTeX Companion for explanation.
Type  H <return>  for immediate help.
 ...                                              
                                                  
l.298 ...ined{c@subfigure}{\newsubfloat{figure}}{}
                                                  
? 
\c@subfigure@save=\count191
! Missing \endcsname inserted.
<to be read again> 
                   \ext@figure 
l.298 ...ined{c@subfigure}{\newsubfloat{figure}}{}
                                                  
? 
! Missing \endcsname inserted.
<to be read again> 
                   \ext@figure 
l.298 ...ined{c@subfigure}{\newsubfloat{figure}}{}
                                                  
? 

! LaTeX Error: Missing \begin{document}.

See the LaTeX manual or LaTeX Companion for explanation.
Type  H <return>  for immediate help.
 ...                                              
                                                  
l.298 ...ined{c@subfigure}{\newsubfloat{figure}}{}
                                                  
? 
Missing character: There is no d in font nullfont!
Missing character: There is no e in font nullfont!
Missing character: There is no p in font nullfont!
Missing character: There is no t in font nullfont!
Missing character: There is no h in font nullfont!
! Extra \endcsname.
\newcounter ...ifdefinable \csname c@#1\endcsname 
                                                  {\@definecounter {#1}}\@if...
l.298 ...ined{c@subfigure}{\newsubfloat{figure}}{}
                                                  
? 
! Missing \endcsname inserted.
<to be read again> 
                   \ext@figure 
l.298 ...ined{c@subfigure}{\newsubfloat{figure}}{}
                                                  
? 
\c@=\count192
Missing character: There is no d in font nullfont!
Missing character: There is no e in font nullfont!
Missing character: There is no p in font nullfont!
Missing character: There is no t in font nullfont!
Missing character: There is no h in font nullfont!
! Extra \endcsname.
\@definecounter ...ewcount \csname c@#1\endcsname 
                                                  \setcounter {#1}\z@ \globa...
l.298 ...ined{c@subfigure}{\newsubfloat{figure}}{}
                                                  
? 
! Missing \endcsname inserted.
<to be read again> 
                   \ext@figure 
l.298 ...ined{c@subfigure}{\newsubfloat{figure}}{}
                                                  
? 
Missing character: There is no d in font nullfont!
Missing character: There is no e in font nullfont!
Missing character: There is no p in font nullfont!
Missing character: There is no t in font nullfont!
Missing character: There is no h in font nullfont!
! Extra \endcsname.
\@ifundefined #1->\ifcsname #1\endcsname 
                                         \@ifundefin@d@i \else \@ifundefin@d...
l.298 ...ined{c@subfigure}{\newsubfloat{figure}}{}
                                                  
? 
! Missing \endcsname inserted.
<to be read again> 
                   \ext@figure 
l.298 ...ined{c@subfigure}{\newsubfloat{figure}}{}
                                                  
? 
! Missing \endcsname inserted.
<to be read again> 
                   \ext@figure 
l.298 ...ined{c@subfigure}{\newsubfloat{figure}}{}
                                                  
? 
! Missing number, treated as zero.
<to be read again> 
                   \ext@figure 
l.298 ...ined{c@subfigure}{\newsubfloat{figure}}{}
                                                  
? 
Missing character: There is no d in font nullfont!
Missing character: There is no e in font nullfont!
Missing character: There is no p in font nullfont!
Missing character: There is no t in font nullfont!
Missing character: There is no h in font nullfont!
! Extra \endcsname.
<argument> ...xt@figure\endcsname depth\endcsname 
                                                  \z@ \relax 
l.298 ...ined{c@subfigure}{\newsubfloat{figure}}{}
                                                  
? 
! Missing number, treated as zero.
<to be read again> 
                   \relax 
l.298 ...ined{c@subfigure}{\newsubfloat{figure}}{}
                                                  
? 
! Illegal unit of measure (pt inserted).
<to be read again> 
                   \relax 
l.298 ...ined{c@subfigure}{\newsubfloat{figure}}{}
                                                  
? 
! Missing \endcsname inserted.
<to be read again> 
                   \ext@figure 
l.298 ...ined{c@subfigure}{\newsubfloat{figure}}{}
                                                  
? 
Missing character: There is no d in font nullfont!
Missing character: There is no e in font nullfont!
Missing character: There is no p in font nullfont!
Missing character: There is no t in font nullfont!
Missing character: There is no h in font nullfont!
! Extra \endcsname.
\@definecounter ...r \let \csname cl@#1\endcsname 
                                                  \@empty \@addtoreset {#1}{...
l.298 ...ined{c@subfigure}{\newsubfloat{figure}}{}
                                                  
? 
! Missing \endcsname inserted.
<to be read again> 
                   \ext@figure 
l.298 ...ined{c@subfigure}{\newsubfloat{figure}}{}
                                                  
? 
Missing character: There is no d in font nullfont!
Missing character: There is no e in font nullfont!
Missing character: There is no p in font nullfont!
Missing character: There is no t in font nullfont!
Missing character: There is no h in font nullfont!
! Extra \endcsname.
\@definecounter ...er \let \csname p@#1\endcsname 
                                                  \@empty \expandafter \gdef...
l.298 ...ined{c@subfigure}{\newsubfloat{figure}}{}
                                                  
? 
! Missing \endcsname inserted.
<to be read again> 
                   \ext@figure 
l.298 ...ined{c@subfigure}{\newsubfloat{figure}}{}
                                                  
? 
! Missing \endcsname inserted.
<to be read again> 
                   \ext@figure 
l.298 ...ined{c@subfigure}{\newsubfloat{figure}}{}
                                                  
? 
Missing character: There is no d in font nullfont!
Missing character: There is no e in font nullfont!
Missing character: There is no p in font nullfont!
Missing character: There is no t in font nullfont!
Missing character: There is no h in font nullfont!
! Extra \endcsname.
\@ifundefined #1->\ifcsname #1\endcsname 
                                         \@ifundefin@d@i \else \@ifundefin@d...
l.298 ...ined{c@subfigure}{\newsubfloat{figure}}{}
                                                  
? 
! Missing \endcsname inserted.
<to be read again> 
                   \ext@figure 
l.298 ...ined{c@subfigure}{\newsubfloat{figure}}{}
                                                  
? 
! Missing \endcsname inserted.
<to be read again> 
                   \ext@figure 
l.298 ...ined{c@subfigure}{\newsubfloat{figure}}{}
                                                  
? 
! Missing number, treated as zero.
<to be read again> 
                   \ext@figure 
l.298 ...ined{c@subfigure}{\newsubfloat{figure}}{}
                                                  
? 
Missing character: There is no d in font nullfont!
Missing character: There is no e in font nullfont!
Missing character: There is no p in font nullfont!
Missing character: There is no t in font nullfont!
Missing character: There is no h in font nullfont!
! Extra \endcsname.
<argument> ...xt@figure\endcsname depth\endcsname 
                                                  \@ne \relax 
l.298 ...ined{c@subfigure}{\newsubfloat{figure}}{}
                                                  
? 
Missing character: There is no ^^A in font nullfont!
! Missing \endcsname inserted.
<to be read again> 
                   \ext@figure 
l.298 ...ined{c@subfigure}{\newsubfloat{figure}}{}
                                                  
? 
! Missing \endcsname inserted.
<to be read again> 
                   \ext@figure 
l.298 ...ined{c@subfigure}{\newsubfloat{figure}}{}
                                                  
? 
! Use of \the doesn't match its definition.
\caption@ifatletter ->\ifnum \the \catcode 
                                           `\@ =11 \expandafter \@firstoftwo...
l.298 ...ined{c@subfigure}{\newsubfloat{figure}}{}
                                                  
? 
! Use of \the doesn't match its definition.
<argument> ...lineno\endcsname {\the \inputlineno 
                                                  }
l.298 ...ined{c@subfigure}{\newsubfloat{figure}}{}
                                                  
? 
! Use of \the doesn't match its definition.
\KV@@sp@c ...KV@toks@ {#1}\edef #3{\the \KV@toks@ 
                                                  }
l.298 ...ined{c@subfigure}{\newsubfloat{figure}}{}
                                                  
? 
! Use of \the doesn't match its definition.
<write> ...=\string \count \the \allocationnumber 
                                                  
l.299 ...efined{c@subtable}{\newsubfloat{table}}{}
                                                  
? 
\c@subtable=\count

! LaTeX Error: No counter 'table' defined.

See the LaTeX manual or LaTeX Companion for explanation.
Type  H <return>  for immediate help.
 ...                                              
                                                  
l.299 ...efined{c@subtable}{\newsubfloat{table}}{}
                                                  
? 
! Use of \the doesn't match its definition.
<write> ...=\string \count \the \allocationnumber 
                                                  
l.299 ...efined{c@subtable}{\newsubfloat{table}}{}
                                                  
? 
\c@subtable@save=\count
! Missing \endcsname inserted.
<to be read again> 
                   \ext@table 
l.299 ...efined{c@subtable}{\newsubfloat{table}}{}
                                                  
? 
Missing character: There is no d in font nullfont!
Missing character: There is no e in font nullfont!
Missing character: There is no p in font nullfont!
Missing character: There is no t in font nullfont!
Missing character: There is no h in font nullfont!
! Extra \endcsname.
\@ifundefined #1->\ifcsname #1\endcsname 
                                         \@ifundefin@d@i \else \@ifundefin@d...
l.299 ...efined{c@subtable}{\newsubfloat{table}}{}
                                                  
? 
! Missing \endcsname inserted.
<to be read again> 
                   \ext@table 
l.299 ...efined{c@subtable}{\newsubfloat{table}}{}
                                                  
? 
! Missing \endcsname inserted.
<to be read again> 
                   \ext@table 
l.299 ...efined{c@subtable}{\newsubfloat{table}}{}
                                                  
? 
! Missing \endcsname inserted.
<to be read again> 
                   \ext@table 
l.299 ...efined{c@subtable}{\newsubfloat{table}}{}
                                                  
? 
! Use of \the doesn't match its definition.
\caption@ifatletter ->\ifnum \the \catcode 
                                           `\@ =11 \expandafter \@firstoftwo...
l.299 ...efined{c@subtable}{\newsubfloat{table}}{}
                                                  
? 
! Use of \the doesn't match its definition.
\g@addto@macro ...fter {#1#2}\xdef #1{\the \toks@ 
                                                  }\endgroup 
l.299 ...efined{c@subtable}{\newsubfloat{table}}{}
                                                  
? 
! Use of \the doesn't match its definition.
<argument> ...lineno\endcsname {\the \inputlineno 
                                                  }
l.299 ...efined{c@subtable}{\newsubfloat{table}}{}
                                                  
? 
! Use of \the doesn't match its definition.
\KV@@sp@c ...KV@toks@ {#1}\edef #3{\the \KV@toks@ 
                                                  }
l.299 ...efined{c@subtable}{\newsubfloat{table}}{}
                                                  
? 
! Use of \the doesn't match its definition.
\g@addto@macro ...fter {#1#2}\xdef #1{\the \toks@ 
                                                  }\endgroup 
l.316 }
       
? 
! Use of \the doesn't match its definition.
<write> ... =\string \skip \the \allocationnumber 
                                                  
l.317 \newskip\sf@top
                     
? 
\sf@top=\skip
! Use of \the doesn't match its definition.
<write> ... =\string \skip \the \allocationnumber 
                                                  
l.318 \newskip\sf@bottom
                        
? 
\sf@bottom=\skip

Overfull \hbox (20.0pt too wide) in paragraph at lines 298--516
[]
 []

)
! Use of \the doesn't match its definition.
\@pushfilename ...ame }{\@currext }{\the \catcode 
                                                  `\@}\@currnamestack }\xdef...
l.5 \usepackage
               {xcolor}
? 
(/usr/share/texlive/texmf-dist/tex/latex/psnfss/times.sty
Package: times 2020/03/25 PSNFSS-v9.3 (SPQR) 
)
! Improper alphabetic constant.
<to be read again> 
                   \spacefactor 
l.5 \usepackage
               {xcolor}
? 
! Invalid code (48), should be in the range 0..15.
<to be read again> 
                   \spacefactor 
l.5 \usepackage
               {xcolor}
? 
! You can't use `\spacefactor' in vertical mode.
<recently read> \spacefactor 
                             
l.5 \usepackage
               {xcolor}
? 
! Missing $ inserted.
<inserted text> 
                $
l.5 \usepackage
               {xcolor}
? 
! Use of \the doesn't match its definition.
\g__para_standard_everypar_tl ...dent: \the \toks 
                                                  12 
l.5 \usepackage
               {xcolor}
? 
Missing character: There is no 1 in font nullfont!
Missing character: There is no 2 in font nullfont!
! Illegal unit of measure (pt inserted).
<to be read again> 
                   p@ 
l.5 \usepackage
               {xcolor}
? 
! Missing = inserted for ifdim.
<to be read again> 
                   p@ 
l.5 \usepackage
               {xcolor}
? 
! Missing number, treated as zero.
<to be read again> 
                   p@ 
l.5 \usepackage
               {xcolor}
? 
! Illegal unit of measure (pt inserted).
<to be read again> 
                   p@ 
l.5 \usepackage
               {xcolor}
? 
! Illegal unit of measure (pt inserted).
<to be read again> 
                   p@ 
l.5 \usepackage
               {xcolor}
? 
! Missing = inserted for ifdim.
<to be read again> 
                   p@ 
l.5 \usepackage
               {xcolor}
? 
! Missing number, treated as zero.
<to be read again> 
                   p@ 
l.5 \usepackage
               {xcolor}
? 
! Illegal unit of measure (pt inserted).
<to be read again> 
                   p@ 
l.5 \usepackage
               {xcolor}
? 
! Illegal unit of measure (pt inserted).
<to be read again> 
                   p@ 
l.5 \usepackage
               {xcolor}
? 
! Missing = inserted for ifdim.
<to be read again> 
                   p@ 
l.5 \usepackage
               {xcolor}
? 
! Missing number, treated as zero.
<to be read again> 
                   p@ 
l.5 \usepackage
               {xcolor}
? 
! Illegal unit of measure (pt inserted).
<to be read again> 
                   p@ 
l.5 \usepackage
               {xcolor}
? 
! Illegal unit of measure (pt inserted).
<to be read again> 
                   p@ 
l.5 \usepackage
               {xcolor}
? 
! Missing = inserted for ifdim.
<to be read again> 
                   p@ 
l.5 \usepackage
               {xcolor}
? 
! Missing number, treated as zero.
<to be read again> 
                   p@ 
l.5 \usepackage
               {xcolor}
? 
! Illegal unit of measure (pt inserted).
<to be read again> 
                   p@ 
l.5 \usepackage
               {xcolor}
? 
! Illegal unit of measure (pt inserted).
<to be read again> 
                   p@ 
l.5 \usepackage
               {xcolor}
? 
! Missing = inserted for ifdim.
<to be read again> 
                   p@ 
l.5 \usepackage
               {xcolor}
? 
! Missing number, treated as zero.
<to be read again> 
                   p@ 
l.5 \usepackage
               {xcolor}
? 
! Illegal unit of measure (pt inserted).
<to be read again> 
                   p@ 
l.5 \usepackage
               {xcolor}
? 
! Illegal unit of measure (pt inserted).
<to be read again> 
                   p@ 
l.5 \usepackage
               {xcolor}
? 
! Missing = inserted for ifdim.
<to be read again> 
                   p@ 
l.5 \usepackage
               {xcolor}
? 
! Missing number, treated as zero.
<to be read again> 
                   p@ 
l.5 \usepackage
               {xcolor}
? 
! Illegal unit of measure (pt inserted).
<to be read again> 
                   p@ 
l.5 \usepackage
               {xcolor}
? 
! Illegal unit of measure (pt inserted).
<to be read again> 
                   p@ 
l.5 \usepackage
               {xcolor}
? 
! Missing = inserted for ifdim.
<to be read again> 
                   p@ 
l.5 \usepackage
               {xcolor}
? 
! Missing number, treated as zero.
<to be read again> 
                   p@ 
l.5 \usepackage
               {xcolor}
? 
! Illegal unit of measure (pt inserted).
<to be read again> 
                   p@ 
l.5 \usepackage
               {xcolor}
? 
! Illegal unit of measure (pt inserted).
<to be read again> 
                   p@ 
l.5 \usepackage
               {xcolor}
? 
! Missing = inserted for ifdim.
<to be read again> 
                   p@ 
l.5 \usepackage
               {xcolor}
? 
! Missing number, treated as zero.
<to be read again> 
                   p@ 
l.5 \usepackage
               {xcolor}
? 
! Illegal unit of measure (pt inserted).
<to be read again> 
                   p@ 
l.5 \usepackage
               {xcolor}
? 
! Illegal unit of measure (pt inserted).
<to be read again> 
                   p@ 
l.5 \usepackage
               {xcolor}
? 
! Missing = inserted for ifdim.
<to be read again> 
                   p@ 
l.5 \usepackage
               {xcolor}
? 
! Missing number, treated as zero.
<to be read again> 
                   p@ 
l.5 \usepackage
               {xcolor}
? 
! Illegal unit of measure (pt inserted).
<to be read again> 
                   p@ 
l.5 \usepackage
               {xcolor}
? 
! Illegal unit of measure (pt inserted).
<to be read again> 
                   p@ 
l.5 \usepackage
               {xcolor}
? 
! Missing = inserted for ifdim.
<to be read again> 
                   p@ 
l.5 \usepackage
               {xcolor}
? 
! Missing number, treated as zero.
<to be read again> 
                   p@ 
l.5 \usepackage
               {xcolor}
? 
! Illegal unit of measure (pt inserted).
<to be read again> 
                   p@ 
l.5 \usepackage
               {xcolor}
? 
! Illegal unit of measure (pt inserted).
<to be read again> 
                   p@ 
l.5 \usepackage
               {xcolor}
? 
! Missing = inserted for ifdim.
<to be read again> 
                   p@ 
l.5 \usepackage
               {xcolor}
? 
! Missing number, treated as zero.
<to be read again> 
                   p@ 
l.5 \usepackage
               {xcolor}
? 
! Illegal unit of measure (pt inserted).
<to be read again> 
                   p@ 
l.5 \usepackage
               {xcolor}
? 
! Illegal unit of measure (pt inserted).
<to be read again> 
                   p@ 
l.5 \usepackage
               {xcolor}
? 
! Missing = inserted for ifdim.
<to be read again> 
                   p@ 
l.5 \usepackage
               {xcolor}
? 
! Missing number, treated as zero.
<to be read again> 
                   p@ 
l.5 \usepackage
               {xcolor}
? 
! Illegal unit of measure (pt inserted).
<to be read again> 
                   p@ 
l.5 \usepackage
               {xcolor}
? 
! Illegal unit of measure (pt inserted).
<to be read again> 
                   p@ 
l.5 \usepackage
               {xcolor}
? 
! Illegal unit of measure (pt inserted).
<to be read again> 
                   p@ 
l.5 \usepackage
               {xcolor}
? 
! Illegal unit of measure (pt inserted).
<to be read again> 
                   p@ 
l.5 \usepackage
               {xcolor}
? 
! Missing = inserted for ifdim.
<to be read again> 
                   p@ 
l.5 \usepackage
               {xcolor}
? 
! Missing number, treated as zero.
<to be read again> 
                   p@ 
l.5 \usepackage
               {xcolor}
? 
! Illegal unit of measure (pt inserted).
<to be read again> 
                   p@ 
l.5 \usepackage
               {xcolor}
? 
! Illegal unit of measure (pt inserted).
<to be read again> 
                   p@ 
l.5 \usepackage
               {xcolor}
? 
! Illegal unit of measure (pt inserted).
<to be read again> 
                   p@ 
l.5 \usepackage
               {xcolor}
? 
! Illegal unit of measure (pt inserted).
<to be read again> 
                   p@ 
l.5 \usepackage
               {xcolor}
? 
! Illegal unit of measure (pt inserted).
<to be read again> 
                   p@ 
l.5 \usepackage
               {xcolor}
? 
! Missing = inserted for ifdim.
<to be read again> 
                   p@ 
l.5 \usepackage
               {xcolor}
? 
! Missing number, treated as zero.
<to be read again> 
                   p@ 
l.5 \usepackage
               {xcolor}
? 
! Illegal unit of measure (pt inserted).
<to be read again> 
                   p@ 
l.5 \usepackage
               {xcolor}
? 
! Illegal unit of measure (pt inserted).
<to be read again> 
                   p@ 
l.5 \usepackage
               {xcolor}
? 
! Illegal unit of measure (pt inserted).
<to be read again> 
                   p@ 
l.5 \usepackage
               {xcolor}
? 
! Illegal unit of measure (pt inserted).
<to be read again> 
                   p@ 
l.5 \usepackage
               {xcolor}
? 
! Illegal unit of measure (pt inserted).
<to be read again> 
                   p@ 
l.5 \usepackage
               {xcolor}
? 
! Missing = inserted for ifdim.
<to be read again> 
                   p@ 
l.5 \usepackage
               {xcolor}
? 
! Missing number, treated as zero.
<to be read again> 
                   p@ 
l.5 \usepackage
               {xcolor}
? 
! Illegal unit of measure (pt inserted).
<to be read again> 
                   p@ 
l.5 \usepackage
               {xcolor}
? 
! Illegal unit of measure (pt inserted).
<to be read again> 
                   p@ 
l.5 \usepackage
               {xcolor}
? 
! Illegal unit of measure (pt inserted).
<to be read again> 
                   p@ 
l.5 \usepackage
               {xcolor}
? 
! Illegal unit of measure (pt inserted).
<to be read again> 
                   p@ 
l.5 \usepackage
               {xcolor}
? 
! Illegal unit of measure (pt inserted).
<to be read again> 
                   p@ 
l.5 \usepackage
               {xcolor}
? 
! Missing = inserted for ifdim.
<to be read again> 
                   p@ 
l.5 \usepackage
               {xcolor}
? 
! Missing number, treated as zero.
<to be read again> 
                   p@ 
l.5 \usepackage
               {xcolor}
? 
! Illegal unit of measure (pt inserted).
<to be read again> 
                   p@ 
l.5 \usepackage
               {xcolor}
? 
! Illegal unit of measure (pt inserted).
<to be read again> 
                   p@ 
l.5 \usepackage
               {xcolor}
? 
! Illegal unit of measure (pt inserted).
<to be read again> 
                   p@ 
l.5 \usepackage
               {xcolor}
? 
! Illegal unit of measure (pt inserted).
<to be read again> 
                   p@ 
l.5 \usepackage
               {xcolor}
? 
! Illegal unit of measure (pt inserted).
<to be read again> 
                   p@ 
l.5 \usepackage
               {xcolor}
? 
! Missing = inserted for ifdim.
<to be read again> 
                   p@ 
l.5 \usepackage
               {xcolor}
? 
! Missing number, treated as zero.
<to be read again> 
                   p@ 
l.5 \usepackage
               {xcolor}
? 
! Illegal unit of measure (pt inserted).
<to be read again> 
                   p@ 
l.5 \usepackage
               {xcolor}
? 
! Illegal unit of measure (pt inserted).
<to be read again> 
                   p@ 
l.5 \usepackage
               {xcolor}
? 
! Illegal unit of measure (pt inserted).
<to be read again> 
                   p@ 
l.5 \usepackage
               {xcolor}
? 
! Illegal unit of measure (pt inserted).
<to be read again> 
                   p@ 
l.5 \usepackage
               {xcolor}
? 
! Illegal unit of measure (pt inserted).
<to be read again> 
                   p@ 
l.5 \usepackage
               {xcolor}
? 
! Missing = inserted for ifdim.
<to be read again> 
                   p@ 
l.5 \usepackage
               {xcolor}
? 
! Missing number, treated as zero.
<to be read again> 
                   p@ 
l.5 \usepackage
               {xcolor}
? 
! Illegal unit of measure (pt inserted).
<to be read again> 
                   p@ 
l.5 \usepackage
               {xcolor}
? 
! Illegal unit of measure (pt inserted).
<to be read again> 
                   p@ 
l.5 \usepackage
               {xcolor}
? 
! Illegal unit of measure (pt inserted).
<to be read again> 
                   p@ 
l.5 \usepackage
               {xcolor}
? 
! Illegal unit of measure (pt inserted).
<to be read again> 
                   p@ 
l.5 \usepackage
               {xcolor}
? 
! Illegal unit of measure (pt inserted).
<to be read again> 
                   p@ 
l.5 \usepackage
               {xcolor}
? 
! Missing = inserted for ifdim.
<to be read again> 
                   p@ 
l.5 \usepackage
               {xcolor}
? 
! Missing number, treated as zero.
<to be read again> 
                   p@ 
l.5 \usepackage
               {xcolor}
? 
! Illegal unit of measure (pt inserted).
<to be read again> 
                   p@ 
l.5 \usepackage
               {xcolor}
? 
! Illegal unit of measure (pt inserted).
<to be read again> 
                   p@ 
l.5 \usepackage
               {xcolor}
? 
! Illegal unit of measure (pt inserted).
<to be read again> 
                   p@ 
l.5 \usepackage
               {xcolor}
? 
! Illegal unit of measure (pt inserted).
<to be read again> 
                   p@ 
l.5 \usepackage
               {xcolor}
? 
! Illegal unit of measure (pt inserted).
<to be read again> 
                   p@ 
l.5 \usepackage
               {xcolor}
? 
! Missing = inserted for ifdim.
<to be read again> 
                   p@ 
l.5 \usepackage
               {xcolor}
? 
! Missing number, treated as zero.
<to be read again> 
                   p@ 
l.5 \usepackage
               {xcolor}
? 
! Illegal unit of measure (pt inserted).
<to be read again> 
                   p@ 
l.5 \usepackage
               {xcolor}
? 
! Illegal unit of measure (pt inserted).
<to be read again> 
                   p@ 
l.5 \usepackage
               {xcolor}
? 
! Illegal unit of measure (pt inserted).
<to be read again> 
                   p@ 
l.5 \usepackage
               {xcolor}
? 
! Illegal unit of measure (pt inserted).
<to be read again> 
                   p@ 
l.5 \usepackage
               {xcolor}
? 
! Illegal unit of measure (pt inserted).
<to be read again> 
                   p@ 
l.5 \usepackage
               {xcolor}
? 
! Missing = inserted for ifdim.
<to be read again> 
                   p@ 
l.5 \usepackage
               {xcolor}
? 
! Missing number, treated as zero.
<to be read again> 
                   p@ 
l.5 \usepackage
               {xcolor}
? 
! Illegal unit of measure (pt inserted).
<to be read again> 
                   p@ 
l.5 \usepackage
               {xcolor}
? 
! Illegal unit of measure (pt inserted).
<to be read again> 
                   p@ 
l.5 \usepackage
               {xcolor}
? 
! Illegal unit of measure (pt inserted).
<to be read again> 
                   p@ 
l.5 \usepackage
               {xcolor}
? 
! Illegal unit of measure (pt inserted).
<to be read again> 
                   p@ 
l.5 \usepackage
               {xcolor}
? 
! Illegal unit of measure (pt inserted).
<to be read again> 
                   p@ 
l.5 \usepackage
               {xcolor}
? 
! Missing = inserted for ifdim.
<to be read again> 
                   p@ 
l.5 \usepackage
               {xcolor}
? 
! Missing number, treated as zero.
<to be read again> 
                   p@ 
l.5 \usepackage
               {xcolor}
? 
! Illegal unit of measure (pt inserted).
<to be read again> 
                   p@ 
l.5 \usepackage
               {xcolor}
? 
! Illegal unit of measure (pt inserted).
<to be read again> 
                   p@ 
l.5 \usepackage
               {xcolor}
? 
! Illegal unit of measure (pt inserted).
<to be read again> 
                   p@ 
l.5 \usepackage
               {xcolor}
? 
! Illegal unit of measure (pt inserted).
<to be read again> 
                   p@ 
l.5 \usepackage
               {xcolor}
? 
! Illegal unit of measure (pt inserted).
<to be read again> 
                   p@ 
l.5 \usepackage
               {xcolor}
? 
! Missing = inserted for ifdim.
<to be read again> 
                   p@ 
l.5 \usepackage
               {xcolor}
? 
! Missing number, treated as zero.
<to be read again> 
                   p@ 
l.5 \usepackage
               {xcolor}
? 
! Illegal unit of measure (pt inserted).
<to be read again> 
                   p@ 
l.5 \usepackage
               {xcolor}
? 
! Illegal unit of measure (pt inserted).
<to be read again> 
                   p@ 
l.5 \usepackage
               {xcolor}
? 
! Illegal unit of measure (pt inserted).
<to be read again> 
                   p@ 
l.5 \usepackage
               {xcolor}
? 
! Illegal unit of measure (pt inserted).
<to be read again> 
                   p@ 
l.5 \usepackage
               {xcolor}
? 
! Illegal unit of measure (pt inserted).
<to be read again> 
                   p@ 
l.5 \usepackage
               {xcolor}
? 
! Missing = inserted for ifdim.
<to be read again> 
                   p@ 
l.5 \usepackage
               {xcolor}
? 
! Missing number, treated as zero.
<to be read again> 
                   p@ 
l.5 \usepackage
               {xcolor}
? 
! Illegal unit of measure (pt inserted).
<to be read again> 
                   p@ 
l.5 \usepackage
               {xcolor}
? 
! Illegal unit of measure (pt inserted).
<to be read again> 
                   p@ 
l.5 \usepackage
               {xcolor}
? 
! Illegal unit of measure (pt inserted).
<to be read again> 
                   p@ 
l.5 \usepackage
               {xcolor}
? 
! Illegal unit of measure (pt inserted).
<to be read again> 
                   p@ 
l.5 \usepackage
               {xcolor}
? 
! Illegal unit of measure (pt inserted).
<to be read again> 
                   p@ 
l.5 \usepackage
               {xcolor}
? 
! Use of the doesn't match its definition.
empty@sfcnt ...andatory@arg space atthe @tempdimb 
                                                  }
l.5 \usepackage
               {xcolor}
? 
! Missing number, treated as zero.
<to be read again> 
                   relax 
l.5 \usepackage
               {xcolor}
? 
! Illegal unit of measure (pt inserted).
<to be read again> 
                   relax 
l.5 \usepackage
               {xcolor}
? 
! Improper `at' size (0.0pt), replaced by 10pt.
<to be read again> 
                   relax 
l.5 \usepackage
               {xcolor}
? 
! Illegal unit of measure (pt inserted).
<to be read again> 
                   p@ 
l.5 \usepackage
               {xcolor}
? 
! Missing = inserted for ifdim.
<to be read again> 
                   p@ 
l.5 \usepackage
               {xcolor}
? 
! Missing number, treated as zero.
<to be read again> 
                   p@ 
l.5 \usepackage
               {xcolor}
? 
! Illegal unit of measure (pt inserted).
<to be read again> 
                   p@ 
l.5 \usepackage
               {xcolor}
? 
! Illegal unit of measure (pt inserted).
<to be read again> 
                   p@ 
l.5 \usepackage
               {xcolor}
? 
! Missing = inserted for ifdim.
<to be read again> 
                   p@ 
l.5 \usepackage
               {xcolor}
? 
! Missing number, treated as zero.
<to be read again> 
                   p@ 
l.5 \usepackage
               {xcolor}
? 
! Illegal unit of measure (pt inserted).
<to be read again> 
                   p@ 
l.5 \usepackage
               {xcolor}
? 
! Illegal unit of measure (pt inserted).
<to be read again> 
                   p@ 
l.5 \usepackage
               {xcolor}
? 
! Missing = inserted for ifdim.
<to be read again> 
                   p@ 
l.5 \usepackage
               {xcolor}
? 
! Missing number, treated as zero.
<to be read again> 
                   p@ 
l.5 \usepackage
               {xcolor}
? 
! Illegal unit of measure (pt inserted).
<to be read again> 
                   p@ 
l.5 \usepackage
               {xcolor}
? 
! Illegal unit of measure (pt inserted).
<to be read again> 
                   p@ 
l.5 \usepackage
               {xcolor}
? 
! Missing = inserted for ifdim.
<to be read again> 
                   p@ 
l.5 \usepackage
               {xcolor}
? 
! Missing number, treated as zero.
<to be read again> 
                   p@ 
l.5 \usepackage
               {xcolor}
? 
! Illegal unit of measure (pt inserted).
<to be read again> 
                   p@ 
l.5 \usepackage
               {xcolor}
? 
! Illegal unit of measure (pt inserted).
<to be read again> 
                   p@ 
l.5 \usepackage
               {xcolor}
? 
! Missing = inserted for ifdim.
<to be read again> 
                   p@ 
l.5 \usepackage
               {xcolor}
? 
! Missing number, treated as zero.
<to be read again> 
                   p@ 
l.5 \usepackage
               {xcolor}
? 
! Illegal unit of measure (pt inserted).
<to be read again> 
                   p@ 
l.5 \usepackage
               {xcolor}
? 
! Illegal unit of measure (pt inserted).
<to be read again> 
                   p@ 
l.5 \usepackage
               {xcolor}
? 
! Missing = inserted for ifdim.
<to be read again> 
                   p@ 
l.5 \usepackage
               {xcolor}
? 
! Missing number, treated as zero.
<to be read again> 
                   p@ 
l.5 \usepackage
               {xcolor}
? 
! Illegal unit of measure (pt inserted).
<to be read again> 
                   p@ 
l.5 \usepackage
               {xcolor}
? 
! Illegal unit of measure (pt inserted).
<to be read again> 
                   p@ 
l.5 \usepackage
               {xcolor}
? 
! Missing = inserted for ifdim.
<to be read again> 
                   p@ 
l.5 \usepackage
               {xcolor}
? 
! Missing number, treated as zero.
<to be read again> 
                   p@ 
l.5 \usepackage
               {xcolor}
? 
! Illegal unit of measure (pt inserted).
<to be read again> 
                   p@ 
l.5 \usepackage
               {xcolor}
? 
! Illegal unit of measure (pt inserted).
<to be read again> 
                   p@ 
l.5 \usepackage
               {xcolor}
? 
! Missing = inserted for ifdim.
<to be read again> 
                   p@ 
l.5 \usepackage
               {xcolor}
? 
! Missing number, treated as zero.
<to be read again> 
                   p@ 
l.5 \usepackage
               {xcolor}
? 
! Illegal unit of measure (pt inserted).
<to be read again> 
                   p@ 
l.5 \usepackage
               {xcolor}
? 
! Illegal unit of measure (pt inserted).
<to be read again> 
                   p@ 
l.5 \usepackage
               {xcolor}
? 
! Missing = inserted for ifdim.
<to be read again> 
                   p@ 
l.5 \usepackage
               {xcolor}
? 
! Missing number, treated as zero.
<to be read again> 
                   p@ 
l.5 \usepackage
               {xcolor}
? 
! Illegal unit of measure (pt inserted).
<to be read again> 
                   p@ 
l.5 \usepackage
               {xcolor}
? 
! Illegal unit of measure (pt inserted).
<to be read again> 
                   p@ 
l.5 \usepackage
               {xcolor}
? 
! Missing = inserted for ifdim.
<to be read again> 
                   p@ 
l.5 \usepackage
               {xcolor}
? 
! Missing number, treated as zero.
<to be read again> 
                   p@ 
l.5 \usepackage
               {xcolor}
? 
! Illegal unit of measure (pt inserted).
<to be read again> 
                   p@ 
l.5 \usepackage
               {xcolor}
? 
! Illegal unit of measure (pt inserted).
<to be read again> 
                   p@ 
l.5 \usepackage
               {xcolor}
? 
! Missing = inserted for ifdim.
<to be read again> 
                   p@ 
l.5 \usepackage
               {xcolor}
? 
! Missing number, treated as zero.
<to be read again> 
                   p@ 
l.5 \usepackage
               {xcolor}
? 
! Illegal unit of measure (pt inserted).
<to be read again> 
                   p@ 
l.5 \usepackage
               {xcolor}
? 
! Illegal unit of measure (pt inserted).
<to be read again> 
                   p@ 
l.5 \usepackage
               {xcolor}
? 
! Missing = inserted for ifdim.
<to be read again> 
                   p@ 
l.5 \usepackage
               {xcolor}
? 
! Missing number, treated as zero.
<to be read again> 
                   p@ 
l.5 \usepackage
               {xcolor}
? 
! Illegal unit of measure (pt inserted).
<to be read again> 
                   p@ 
l.5 \usepackage
               {xcolor}
? 
! Illegal unit of measure (pt inserted).
<to be read again> 
                   p@ 
l.5 \usepackage
               {xcolor}
? 
! Illegal unit of measure (pt inserted).
<to be read again> 
                   p@ 
l.5 \usepackage
               {xcolor}
? 
! Illegal unit of measure (pt inserted).
<to be read again> 
                   p@ 
l.5 \usepackage
               {xcolor}
? 
! Missing = inserted for ifdim.
<to be read again> 
                   p@ 
l.5 \usepackage
               {xcolor}
? 
! Missing number, treated as zero.
<to be read again> 
                   p@ 
l.5 \usepackage
               {xcolor}
? 
! Illegal unit of measure (pt inserted).
<to be read again> 
                   p@ 
l.5 \usepackage
               {xcolor}
? 
! Illegal unit of measure (pt inserted).
<to be read again> 
                   p@ 
l.5 \usepackage
               {xcolor}
? 
! Illegal unit of measure (pt inserted).
<to be read again> 
                   p@ 
l.5 \usepackage
               {xcolor}
? 
! Illegal unit of measure (pt inserted).
<to be read again> 
                   p@ 
l.5 \usepackage
               {xcolor}
? 
! Illegal unit of measure (pt inserted).
<to be read again> 
                   p@ 
l.5 \usepackage
               {xcolor}
? 
! Missing = inserted for ifdim.
<to be read again> 
                   p@ 
l.5 \usepackage
               {xcolor}
? 
! Missing number, treated as zero.
<to be read again> 
                   p@ 
l.5 \usepackage
               {xcolor}
? 
! Illegal unit of measure (pt inserted).
<to be read again> 
                   p@ 
l.5 \usepackage
               {xcolor}
? 
! Illegal unit of measure (pt inserted).
<to be read again> 
                   p@ 
l.5 \usepackage
               {xcolor}
? 
! Illegal unit of measure (pt inserted).
<to be read again> 
                   p@ 
l.5 \usepackage
               {xcolor}
? 
! Illegal unit of measure (pt inserted).
<to be read again> 
                   p@ 
l.5 \usepackage
               {xcolor}
? 
! Illegal unit of measure (pt inserted).
<to be read again> 
                   p@ 
l.5 \usepackage
               {xcolor}
? 
! Missing = inserted for ifdim.
<to be read again> 
                   p@ 
l.5 \usepackage
               {xcolor}
? 
! Missing number, treated as zero.
<to be read again> 
                   p@ 
l.5 \usepackage
               {xcolor}
? 
! Illegal unit of measure (pt inserted).
<to be read again> 
                   p@ 
l.5 \usepackage
               {xcolor}
? 
! Illegal unit of measure (pt inserted).
<to be read again> 
                   p@ 
l.5 \usepackage
               {xcolor}
? 
! Illegal unit of measure (pt inserted).
<to be read again> 
                   p@ 
l.5 \usepackage
               {xcolor}
? 
! Illegal unit of measure (pt inserted).
<to be read again> 
                   p@ 
l.5 \usepackage
               {xcolor}
? 
! Illegal unit of measure (pt inserted).
<to be read again> 
                   p@ 
l.5 \usepackage
               {xcolor}
? 
! Missing = inserted for ifdim.
<to be read again> 
                   p@ 
l.5 \usepackage
               {xcolor}
? 
! Missing number, treated as zero.
<to be read again> 
                   p@ 
l.5 \usepackage
               {xcolor}
? 
! Illegal unit of measure (pt inserted).
<to be read again> 
                   p@ 
l.5 \usepackage
               {xcolor}
? 
! Illegal unit of measure (pt inserted).
<to be read again> 
                   p@ 
l.5 \usepackage
               {xcolor}
? 
! Illegal unit of measure (pt inserted).
<to be read again> 
                   p@ 
l.5 \usepackage
               {xcolor}
? 
! Illegal unit of measure (pt inserted).
<to be read again> 
                   p@ 
l.5 \usepackage
               {xcolor}
? 
! Illegal unit of measure (pt inserted).
<to be read again> 
                   p@ 
l.5 \usepackage
               {xcolor}
? 
! Missing = inserted for ifdim.
<to be read again> 
                   p@ 
l.5 \usepackage
               {xcolor}
? 
! Missing number, treated as zero.
<to be read again> 
                   p@ 
l.5 \usepackage
               {xcolor}
? 
! Illegal unit of measure (pt inserted).
<to be read again> 
                   p@ 
l.5 \usepackage
               {xcolor}
? 
! Illegal unit of measure (pt inserted).
<to be read again> 
                   p@ 
l.5 \usepackage
               {xcolor}
? 
! Illegal unit of measure (pt inserted).
<to be read again> 
                   p@ 
l.5 \usepackage
               {xcolor}
? 
! Illegal unit of measure (pt inserted).
<to be read again> 
                   p@ 
l.5 \usepackage
               {xcolor}
? 
! Illegal unit of measure (pt inserted).
<to be read again> 
                   p@ 
l.5 \usepackage
               {xcolor}
? 
! Missing = inserted for ifdim.
<to be read again> 
                   p@ 
l.5 \usepackage
               {xcolor}
? 
! Missing number, treated as zero.
<to be read again> 
                   p@ 
l.5 \usepackage
               {xcolor}
? 
! Illegal unit of measure (pt inserted).
<to be
